2022/03/19 18:58:59 ::1[MAIN_DB][OK] SELECT * FROM `user`   ORDER BY id desc LIMIT 20 OFFSET 0 [] in 2.251091ms
2022/03/19 18:58:59 ::1[MAIN_DB][OK] SELECT count(*) FROM `user`   [] in 3.080071ms
2022/03/19 18:58:59 ::1[OK] GET /v1/user?page=1 action:list map[page:1] in 11.896956ms
2022/03/19 18:58:59 ----------------------------------------------------------------------
2022/03/19 19:10:28 ::1[MAIN_DB][OK] SELECT * FROM `user`   ORDER BY id desc LIMIT 20 OFFSET 0 [] in 2.275436ms
2022/03/19 19:10:28 ::1[MAIN_DB][OK] SELECT count(*) FROM `user`   [] in 3.03298ms
2022/03/19 19:10:28 ::1[OK] GET /v1/user?page=1 action:list map[page:1] in 15.828809ms
2022/03/19 19:10:28 ----------------------------------------------------------------------
2022/03/19 19:10:29 ::1[MAIN_DB][OK] SELECT * FROM `user`   ORDER BY id desc LIMIT 20 OFFSET 0 [] in 2.179573ms
2022/03/19 19:10:29 ::1[MAIN_DB][OK] SELECT count(*) FROM `user`   [] in 3.714677ms
2022/03/19 19:10:29 ::1[OK] GET /v1/user?page=1 action:list map[page:1] in 14.849717ms
2022/03/19 19:10:29 ----------------------------------------------------------------------
2022/03/19 19:10:29 ::1[MAIN_DB][OK] SELECT * FROM `user`   ORDER BY id desc LIMIT 20 OFFSET 0 [] in 1.72957ms
2022/03/19 19:10:29 ::1[MAIN_DB][OK] SELECT count(*) FROM `user`   [] in 2.669976ms
2022/03/19 19:10:29 ::1[OK] GET /v1/user?page=1 action:list map[page:1] in 10.65189ms
2022/03/19 19:10:29 ----------------------------------------------------------------------
2022/03/19 19:12:00 ::1[MAIN_DB][OK] UPDATE `user` SET `id` = ?, `name` = ?  WHERE (id  = ?) [%!s(float64=12) jklasdjfkl %!s(float64=12)] in 5.537987ms
2022/03/19 19:12:00 ::1[OK] PUT /v1/user?page=1 action:update map[id:12 name:jklasdjfkl] in 24.652439ms
2022/03/19 19:12:00 ----------------------------------------------------------------------
2022/03/19 19:12:36 ::1[MAIN_DB][OK] UPDATE `user` SET `id` = ?, `name` = ?  WHERE (id  = ?) [%!s(float64=12) jklasdjf11111kl %!s(float64=12)] in 4.080484ms
2022/03/19 19:12:36 
Traceback:
	/usr/local/opt/go/libexec/src/runtime/panic.go:1038
	/Users/wangdongwu/www/golang/stage/app/dao/UserDao.go:20
	/Users/wangdongwu/www/golang/stage/app/controller/UserController.go:60
	/Users/wangdongwu/www/golang/stage/app/common/display.go:161
	/Users/wangdongwu/www/golang/stage/app/controller/UserController.go:27
	/Users/wangdongwu/www/go/pkg/mod/github.com/gin-gonic/gin@v1.7.7/context.go:169
	/Users/wangdongwu/www/go/pkg/mod/github.com/gin-gonic/gin@v1.7.7/context.go:166
	/Users/wangdongwu/www/go/pkg/mod/github.com/gin-gonic/gin@v1.7.7/context.go:169
	/Users/wangdongwu/www/go/pkg/mod/github.com/gin-gonic/gin@v1.7.7/context.go:166
	/Users/wangdongwu/www/go/pkg/mod/github.com/gin-gonic/gin@v1.7.7/context.go:169
	/Users/wangdongwu/www/go/pkg/mod/github.com/gin-gonic/gin@v1.7.7/context.go:166
	/Users/wangdongwu/www/go/pkg/mod/github.com/gin-gonic/gin@v1.7.7/gin.go:513
	/usr/local/opt/go/libexec/src/net/http/server.go:2880
	/usr/local/opt/go/libexec/src/net/http/server.go:1931
	/usr/local/opt/go/libexec/src/runtime/asm_amd64.s:1582

2022/03/19 19:12:36 ----------------------------------------------------------------------
2022/03/19 19:13:14 ::1[MAIN_DB][OK] UPDATE `user` SET `id` = ?, `name` = ?  WHERE (id  = ?) [%!s(float64=12) jklasdjf11111kl %!s(float64=12)] in 3.345947ms
2022/03/19 19:13:14 
Traceback:
	/usr/local/opt/go/libexec/src/runtime/panic.go:1038
	/Users/wangdongwu/www/golang/stage/app/dao/UserDao.go:20
	/Users/wangdongwu/www/golang/stage/app/controller/UserController.go:60
	/Users/wangdongwu/www/golang/stage/app/common/display.go:161
	/Users/wangdongwu/www/golang/stage/app/controller/UserController.go:27
	/Users/wangdongwu/www/go/pkg/mod/github.com/gin-gonic/gin@v1.7.7/context.go:169
	/Users/wangdongwu/www/go/pkg/mod/github.com/gin-gonic/gin@v1.7.7/context.go:166
	/Users/wangdongwu/www/go/pkg/mod/github.com/gin-gonic/gin@v1.7.7/context.go:169
	/Users/wangdongwu/www/go/pkg/mod/github.com/gin-gonic/gin@v1.7.7/context.go:166
	/Users/wangdongwu/www/go/pkg/mod/github.com/gin-gonic/gin@v1.7.7/context.go:169
	/Users/wangdongwu/www/go/pkg/mod/github.com/gin-gonic/gin@v1.7.7/context.go:166
	/Users/wangdongwu/www/go/pkg/mod/github.com/gin-gonic/gin@v1.7.7/gin.go:513
	/usr/local/opt/go/libexec/src/net/http/server.go:2880
	/usr/local/opt/go/libexec/src/net/http/server.go:1931
	/usr/local/opt/go/libexec/src/runtime/asm_amd64.s:1582

2022/03/19 19:13:14 ----------------------------------------------------------------------
2022/03/19 19:14:10 ::1[MAIN_DB][OK] UPDATE `user` SET `id` = ?, `name` = ?  WHERE (id  = ?) [%!s(float64=12) jklasdjf11111kl %!s(float64=12)] in 4.109907ms
2022/03/19 19:14:10 %!s(int=11111)
Traceback:
	/usr/local/opt/go/libexec/src/runtime/panic.go:1038
	/Users/wangdongwu/www/golang/stage/app/dao/UserDao.go:20
	/Users/wangdongwu/www/golang/stage/app/controller/UserController.go:60
	/Users/wangdongwu/www/golang/stage/app/common/display.go:161
	/Users/wangdongwu/www/golang/stage/app/controller/UserController.go:27
	/Users/wangdongwu/www/go/pkg/mod/github.com/gin-gonic/gin@v1.7.7/context.go:169
	/Users/wangdongwu/www/go/pkg/mod/github.com/gin-gonic/gin@v1.7.7/context.go:166
	/Users/wangdongwu/www/go/pkg/mod/github.com/gin-gonic/gin@v1.7.7/context.go:169
	/Users/wangdongwu/www/go/pkg/mod/github.com/gin-gonic/gin@v1.7.7/context.go:166
	/Users/wangdongwu/www/go/pkg/mod/github.com/gin-gonic/gin@v1.7.7/context.go:169
	/Users/wangdongwu/www/go/pkg/mod/github.com/gin-gonic/gin@v1.7.7/context.go:166
	/Users/wangdongwu/www/go/pkg/mod/github.com/gin-gonic/gin@v1.7.7/gin.go:513
	/usr/local/opt/go/libexec/src/net/http/server.go:2880
	/usr/local/opt/go/libexec/src/net/http/server.go:1931
	/usr/local/opt/go/libexec/src/runtime/asm_amd64.s:1582

2022/03/19 19:14:10 ----------------------------------------------------------------------
2022/03/19 19:14:56 ::1[MAIN_DB][OK] UPDATE `user` SET `id` = ?, `name` = ?  WHERE (id  = ?) [%!s(float64=12) jklasdjf11111kl %!s(float64=12)] in 3.290264ms
2022/03/19 19:14:56 error info:%!s(int=11111)
Traceback:
	/usr/local/opt/go/libexec/src/runtime/panic.go:1038
	/Users/wangdongwu/www/golang/stage/app/dao/UserDao.go:20
	/Users/wangdongwu/www/golang/stage/app/controller/UserController.go:60
	/Users/wangdongwu/www/golang/stage/app/common/display.go:161
	/Users/wangdongwu/www/golang/stage/app/controller/UserController.go:27
	/Users/wangdongwu/www/go/pkg/mod/github.com/gin-gonic/gin@v1.7.7/context.go:169
	/Users/wangdongwu/www/go/pkg/mod/github.com/gin-gonic/gin@v1.7.7/context.go:166
	/Users/wangdongwu/www/go/pkg/mod/github.com/gin-gonic/gin@v1.7.7/context.go:169
	/Users/wangdongwu/www/go/pkg/mod/github.com/gin-gonic/gin@v1.7.7/context.go:166
	/Users/wangdongwu/www/go/pkg/mod/github.com/gin-gonic/gin@v1.7.7/context.go:169
	/Users/wangdongwu/www/go/pkg/mod/github.com/gin-gonic/gin@v1.7.7/context.go:166
	/Users/wangdongwu/www/go/pkg/mod/github.com/gin-gonic/gin@v1.7.7/gin.go:513
	/usr/local/opt/go/libexec/src/net/http/server.go:2880
	/usr/local/opt/go/libexec/src/net/http/server.go:1931
	/usr/local/opt/go/libexec/src/runtime/asm_amd64.s:1582

2022/03/19 19:14:56 ----------------------------------------------------------------------
2022/03/19 19:15:17 ::1[MAIN_DB][OK] UPDATE `user` SET `id` = ?, `name` = ?  WHERE (id  = ?) [%!s(float64=12) jklasdjf11111kl %!s(float64=12)] in 3.298986ms
2022/03/19 19:15:17 ::1[OK] PUT /v1/user?page=1 action:update map[id:12 name:jklasdjf11111kl] in 16.407582ms
2022/03/19 19:15:17 ----------------------------------------------------------------------
2022/03/19 19:15:18 ::1[MAIN_DB][OK] UPDATE `user` SET `id` = ?, `name` = ?  WHERE (id  = ?) [%!s(float64=12) jklasdjf11111kl %!s(float64=12)] in 3.574331ms
2022/03/19 19:15:18 ::1[OK] PUT /v1/user?page=1 action:update map[id:12 name:jklasdjf11111kl] in 11.13238ms
2022/03/19 19:15:18 ----------------------------------------------------------------------
